  [4;36;1mSQL (0.3ms)[0m   [0;1mSET NAMES 'utf8'[0m
  [4;35;1mSQL (0.1ms)[0m   [0mSET SQL_AUTO_IS_NULL=0[0m


Processing SessionsController#new (for ::1 at 2009-10-14 16:53:33) [GET]
Rendering sessions/new
Completed in 8ms (View: 6, DB: 0) | 200 OK [http://localhost/login]
  [4;36;1mSQL (0.1ms)[0m   [0;1mSET NAMES 'utf8'[0m
  [4;35;1mSQL (0.8ms)[0m   [0mSET SQL_AUTO_IS_NULL=0[0m


Processing SessionsController#create (for ::1 at 2009-10-14 16:53:37) [POST]
  Parameters: {"commit"=>"Log in", "authenticity_token"=>"DMlYUc1nD0dmrzS75N9hpEihgdBR6SgEbgySFZjRZl4=", "login"=>"sthorpe", "password"=>"testing"}

NameError (uninitialized constant Authorization::AasmRoles::AASM):
  app/models/user.rb:7:in `include'
  app/models/user.rb:7
  lib/authenticated_system.rb:138:in `logout_keeping_session!'
  app/controllers/sessions_controller.rb:11:in `create'
  /usr/local/lib/ruby/1.8/webrick/httpserver.rb:104:in `service'
  /usr/local/lib/ruby/1.8/webrick/httpserver.rb:65:in `run'
  /usr/local/lib/ruby/1.8/webrick/server.rb:173:in `start_thread'
  /usr/local/lib/ruby/1.8/webrick/server.rb:162:in `start'
  /usr/local/lib/ruby/1.8/webrick/server.rb:162:in `start_thread'
  /usr/local/lib/ruby/1.8/webrick/server.rb:95:in `start'
  /usr/local/lib/ruby/1.8/webrick/server.rb:92:in `each'
  /usr/local/lib/ruby/1.8/webrick/server.rb:92:in `start'
  /usr/local/lib/ruby/1.8/webrick/server.rb:23:in `start'
  /usr/local/lib/ruby/1.8/webrick/server.rb:82:in `start'

Rendered rescues/_trace (94.8ms)
Rendered rescues/_request_and_response (1.4ms)
Rendering rescues/layout (internal_server_error)
  [4;36;1mSQL (0.1ms)[0m   [0;1mSET NAMES 'utf8'[0m
  [4;35;1mSQL (0.1ms)[0m   [0mSET SQL_AUTO_IS_NULL=0[0m


Processing SessionsController#create (for ::1 at 2009-10-14 16:54:12) [POST]
  Parameters: {"commit"=>"Log in", "authenticity_token"=>"DMlYUc1nD0dmrzS75N9hpEihgdBR6SgEbgySFZjRZl4=", "login"=>"sthorpe", "password"=>"testing"}

NameError (uninitialized constant Authorization::AasmRoles::AASM):
  app/models/user.rb:7:in `include'
  app/models/user.rb:7
  lib/authenticated_system.rb:138:in `logout_keeping_session!'
  app/controllers/sessions_controller.rb:11:in `create'
  /usr/local/lib/ruby/1.8/webrick/httpserver.rb:104:in `service'
  /usr/local/lib/ruby/1.8/webrick/httpserver.rb:65:in `run'
  /usr/local/lib/ruby/1.8/webrick/server.rb:173:in `start_thread'
  /usr/local/lib/ruby/1.8/webrick/server.rb:162:in `start'
  /usr/local/lib/ruby/1.8/webrick/server.rb:162:in `start_thread'
  /usr/local/lib/ruby/1.8/webrick/server.rb:95:in `start'
  /usr/local/lib/ruby/1.8/webrick/server.rb:92:in `each'
  /usr/local/lib/ruby/1.8/webrick/server.rb:92:in `start'
  /usr/local/lib/ruby/1.8/webrick/server.rb:23:in `start'
  /usr/local/lib/ruby/1.8/webrick/server.rb:82:in `start'

Rendered rescues/_trace (47.4ms)
Rendered rescues/_request_and_response (0.3ms)
Rendering rescues/layout (internal_server_error)
  [4;36;1mSQL (0.3ms)[0m   [0;1mSET NAMES 'utf8'[0m
  [4;35;1mSQL (0.1ms)[0m   [0mSET SQL_AUTO_IS_NULL=0[0m


Processing SessionsController#new (for ::1 at 2009-10-14 16:54:22) [GET]
Rendering sessions/new
Completed in 8ms (View: 7, DB: 0) | 200 OK [http://localhost/login]
  [4;36;1mSQL (0.1ms)[0m   [0;1mSET NAMES 'utf8'[0m
  [4;35;1mSQL (0.1ms)[0m   [0mSET SQL_AUTO_IS_NULL=0[0m


Processing SessionsController#create (for ::1 at 2009-10-14 16:54:26) [POST]
  Parameters: {"commit"=>"Log in", "authenticity_token"=>"DMlYUc1nD0dmrzS75N9hpEihgdBR6SgEbgySFZjRZl4=", "login"=>"sthorpe", "password"=>"testing"}
  [4;36;1mUser Load (0.5ms)[0m   [0;1mSELECT * FROM `users` WHERE (`users`.`login` = 'sthorpe') AND (users.state = 'active') LIMIT 1[0m
Failed login for 'sthorpe' from ::1 at Wed Oct 14 23:54:26 UTC 2009
Rendering sessions/new
Completed in 22ms (View: 1, DB: 1) | 200 OK [http://localhost/session]
  [4;35;1mSQL (0.1ms)[0m   [0mSET NAMES 'utf8'[0m
  [4;36;1mSQL (0.1ms)[0m   [0;1mSET SQL_AUTO_IS_NULL=0[0m


Processing UsersController#new (for ::1 at 2009-10-14 16:54:37) [GET]
  [4;35;1mUser Columns (1.8ms)[0m   [0mSHOW FIELDS FROM `users`[0m
Rendering users/new
Completed in 74ms (View: 60, DB: 2) | 200 OK [http://localhost/signup]
  [4;36;1mSQL (0.1ms)[0m   [0;1mSET NAMES 'utf8'[0m
  [4;35;1mSQL (0.1ms)[0m   [0mSET SQL_AUTO_IS_NULL=0[0m


Processing SessionsController#new (for ::1 at 2009-10-14 16:54:45) [GET]
Rendering sessions/new
Completed in 4ms (View: 2, DB: 0) | 200 OK [http://localhost/login]
  [4;36;1mSQL (0.1ms)[0m   [0;1mSET NAMES 'utf8'[0m
  [4;35;1mSQL (0.1ms)[0m   [0mSET SQL_AUTO_IS_NULL=0[0m


Processing SessionsController#create (for ::1 at 2009-10-14 16:54:50) [POST]
  Parameters: {"commit"=>"Log in", "authenticity_token"=>"DMlYUc1nD0dmrzS75N9hpEihgdBR6SgEbgySFZjRZl4=", "login"=>"Scott", "password"=>"testing"}
  [4;36;1mUser Load (0.5ms)[0m   [0;1mSELECT * FROM `users` WHERE (`users`.`login` = 'scott') AND (users.state = 'active') LIMIT 1[0m
Failed login for 'Scott' from ::1 at Wed Oct 14 23:54:50 UTC 2009
Rendering sessions/new
Completed in 13ms (View: 1, DB: 1) | 200 OK [http://localhost/session]
  [4;35;1mSQL (0.1ms)[0m   [0mSET NAMES 'utf8'[0m
  [4;36;1mSQL (0.1ms)[0m   [0;1mSET SQL_AUTO_IS_NULL=0[0m


Processing SessionsController#create (for ::1 at 2009-10-14 16:54:53) [POST]
  Parameters: {"commit"=>"Log in", "authenticity_token"=>"DMlYUc1nD0dmrzS75N9hpEihgdBR6SgEbgySFZjRZl4=", "login"=>"Scott", "password"=>"testing"}
  [4;35;1mUser Load (0.4ms)[0m   [0mSELECT * FROM `users` WHERE (`users`.`login` = 'scott') AND (users.state = 'active') LIMIT 1[0m
Failed login for 'Scott' from ::1 at Wed Oct 14 23:54:53 UTC 2009
Rendering sessions/new
Completed in 11ms (View: 1, DB: 1) | 200 OK [http://localhost/session]
  [4;36;1mSQL (0.1ms)[0m   [0;1mSET NAMES 'utf8'[0m
  [4;35;1mSQL (0.1ms)[0m   [0mSET SQL_AUTO_IS_NULL=0[0m


Processing UsersController#new (for ::1 at 2009-10-14 16:54:59) [GET]
  [4;36;1mUser Columns (1.8ms)[0m   [0;1mSHOW FIELDS FROM `users`[0m
Rendering users/new
Completed in 17ms (View: 4, DB: 2) | 200 OK [http://localhost/signup]
  [4;35;1mSQL (0.1ms)[0m   [0mSET NAMES 'utf8'[0m
  [4;36;1mSQL (0.1ms)[0m   [0;1mSET SQL_AUTO_IS_NULL=0[0m


Processing UsersController#create (for ::1 at 2009-10-14 16:55:09) [POST]
  Parameters: {"commit"=>"Sign up", "authenticity_token"=>"DMlYUc1nD0dmrzS75N9hpEihgdBR6SgEbgySFZjRZl4=", "user"=>{"password_confirmation"=>"testing", "password"=>"testing", "login"=>"sthorpe", "email"=>"sthorpe@gmail.com"}}
  [4;35;1mUser Columns (1.9ms)[0m   [0mSHOW FIELDS FROM `users`[0m
  [4;36;1mUser Load (0.3ms)[0m   [0;1mSELECT `users`.id FROM `users` WHERE (`users`.`login` = BINARY 'sthorpe') LIMIT 1[0m
  [4;35;1mUser Load (0.1ms)[0m   [0mSELECT `users`.id FROM `users` WHERE (`users`.`email` = BINARY 'sthorpe@gmail.com') LIMIT 1[0m
  [4;36;1mSQL (0.1ms)[0m   [0;1mBEGIN[0m
  [4;35;1mUser Create (0.3ms)[0m   [0mINSERT INTO `users` (`name`, `salt`, `created_at`, `activated_at`, `crypted_password`, `remember_token_expires_at`, `updated_at`, `deleted_at`, `activation_code`, `remember_token`, `login`, `email`, `state`) VALUES('', '803c8abd5d5cad46201731d5de7d324e5bf27b7d', '2009-10-14 23:55:09', NULL, '5141408f9e1b7a1f223936395f184f01d2c8607b', NULL, '2009-10-14 23:55:09', NULL, 'ee4c77c3f8dcda2ea9ad8fc95e63e2f12632568e', NULL, 'sthorpe', 'sthorpe@gmail.com', 'pending')[0m
  [4;36;1mSQL (48.0ms)[0m   [0;1mCOMMIT[0m
  [4;35;1mUser Load (0.4ms)[0m   [0mSELECT `users`.id FROM `users` WHERE (`users`.`login` = BINARY 'sthorpe' AND `users`.id <> 2) LIMIT 1[0m
  [4;36;1mUser Load (0.5ms)[0m   [0;1mSELECT `users`.id FROM `users` WHERE (`users`.`email` = BINARY 'sthorpe@gmail.com' AND `users`.id <> 2) LIMIT 1[0m
Redirected to http://localhost:3000/
Completed in 80ms (DB: 52) | 302 Found [http://localhost/users]
  [4;35;1mSQL (0.2ms)[0m   [0mSET NAMES 'utf8'[0m
  [4;36;1mSQL (0.1ms)[0m   [0;1mSET SQL_AUTO_IS_NULL=0[0m


Processing SessionsController#destroy (for ::1 at 2009-10-14 16:55:15) [GET]
Redirected to http://localhost:3000/
Completed in 11ms (DB: 0) | 302 Found [http://localhost/logout]
  [4;36;1mSQL (0.2ms)[0m   [0;1mSET NAMES 'utf8'[0m
  [4;35;1mSQL (0.1ms)[0m   [0mSET SQL_AUTO_IS_NULL=0[0m


Processing GoalsController#index (for ::1 at 2009-10-14 16:56:02) [GET]
  [4;36;1mGoals Load (0.5ms)[0m   [0;1mSELECT * FROM `goals` [0m
Rendering template within layouts/goals
Rendering goals/index

ActionView::TemplateError (undefined local variable or method `new_goals_path' for #<ActionView::Base:0x1840a84>) on line #20 of app/views/goals/index.html.erb:
17: 
18: <br />
19: 
20: <%= link_to 'New goals', new_goals_path %>

    app/views/goals/index.html.erb:20
    app/controllers/goals_controller.rb:7:in `index'
    /usr/local/lib/ruby/1.8/webrick/httpserver.rb:104:in `service'
    /usr/local/lib/ruby/1.8/webrick/httpserver.rb:65:in `run'
    /usr/local/lib/ruby/1.8/webrick/server.rb:173:in `start_thread'
    /usr/local/lib/ruby/1.8/webrick/server.rb:162:in `start'
    /usr/local/lib/ruby/1.8/webrick/server.rb:162:in `start_thread'
    /usr/local/lib/ruby/1.8/webrick/server.rb:95:in `start'
    /usr/local/lib/ruby/1.8/webrick/server.rb:92:in `each'
    /usr/local/lib/ruby/1.8/webrick/server.rb:92:in `start'
    /usr/local/lib/ruby/1.8/webrick/server.rb:23:in `start'
    /usr/local/lib/ruby/1.8/webrick/server.rb:82:in `start'

Rendered rescues/_trace (97.2ms)
Rendered rescues/_request_and_response (1.4ms)
Rendering rescues/layout (internal_server_error)
  [4;35;1mSQL (0.1ms)[0m   [0mSET NAMES 'utf8'[0m
  [4;36;1mSQL (0.1ms)[0m   [0;1mSET SQL_AUTO_IS_NULL=0[0m


Processing GoalsController#index (for ::1 at 2009-10-14 16:57:07) [GET]
  [4;35;1mGoals Load (0.5ms)[0m   [0mSELECT * FROM `goals` [0m
Rendering template within layouts/goals
Rendering goals/index
Completed in 10ms (View: 5, DB: 1) | 200 OK [http://localhost/]
  [4;36;1mSQL (0.1ms)[0m   [0;1mSET NAMES 'utf8'[0m
  [4;35;1mSQL (0.1ms)[0m   [0mSET SQL_AUTO_IS_NULL=0[0m


Processing GoalsController#new (for ::1 at 2009-10-14 16:57:10) [GET]
  [4;36;1mGoals Columns (1.4ms)[0m   [0;1mSHOW FIELDS FROM `goals`[0m
Rendering template within layouts/goals
Rendering goals/new
Completed in 18ms (View: 12, DB: 2) | 200 OK [http://localhost/goals/new]
  [4;35;1mSQL (0.1ms)[0m   [0mSET NAMES 'utf8'[0m
  [4;36;1mSQL (0.1ms)[0m   [0;1mSET SQL_AUTO_IS_NULL=0[0m


Processing GoalsController#index (for ::1 at 2009-10-14 16:57:13) [GET]
  [4;35;1mGoals Load (0.3ms)[0m   [0mSELECT * FROM `goals` [0m
Rendering template within layouts/goals
Rendering goals/index
Completed in 6ms (View: 1, DB: 0) | 200 OK [http://localhost/goals]
  [4;36;1mSQL (0.1ms)[0m   [0;1mSET NAMES 'utf8'[0m
  [4;35;1mSQL (0.1ms)[0m   [0mSET SQL_AUTO_IS_NULL=0[0m


Processing GoalsController#index (for ::1 at 2009-10-14 16:57:34) [GET]

NoMethodError (undefined method `login_required' for #<GoalsController:0x275c4c8>):
  /usr/local/lib/ruby/1.8/webrick/httpserver.rb:104:in `service'
  /usr/local/lib/ruby/1.8/webrick/httpserver.rb:65:in `run'
  /usr/local/lib/ruby/1.8/webrick/server.rb:173:in `start_thread'
  /usr/local/lib/ruby/1.8/webrick/server.rb:162:in `start'
  /usr/local/lib/ruby/1.8/webrick/server.rb:162:in `start_thread'
  /usr/local/lib/ruby/1.8/webrick/server.rb:95:in `start'
  /usr/local/lib/ruby/1.8/webrick/server.rb:92:in `each'
  /usr/local/lib/ruby/1.8/webrick/server.rb:92:in `start'
  /usr/local/lib/ruby/1.8/webrick/server.rb:23:in `start'
  /usr/local/lib/ruby/1.8/webrick/server.rb:82:in `start'

Rendered rescues/_trace (33.8ms)
Rendered rescues/_request_and_response (0.3ms)
Rendering rescues/layout (internal_server_error)
  [4;36;1mSQL (0.2ms)[0m   [0;1mSET NAMES 'utf8'[0m
  [4;35;1mSQL (0.1ms)[0m   [0mSET SQL_AUTO_IS_NULL=0[0m


Processing GoalsController#index (for ::1 at 2009-10-14 16:58:16) [GET]

NoMethodError (undefined method `login_required' for #<GoalsController:0x18403b8>):
  /usr/local/lib/ruby/1.8/webrick/httpserver.rb:104:in `service'
  /usr/local/lib/ruby/1.8/webrick/httpserver.rb:65:in `run'
  /usr/local/lib/ruby/1.8/webrick/server.rb:173:in `start_thread'
  /usr/local/lib/ruby/1.8/webrick/server.rb:162:in `start'
  /usr/local/lib/ruby/1.8/webrick/server.rb:162:in `start_thread'
  /usr/local/lib/ruby/1.8/webrick/server.rb:95:in `start'
  /usr/local/lib/ruby/1.8/webrick/server.rb:92:in `each'
  /usr/local/lib/ruby/1.8/webrick/server.rb:92:in `start'
  /usr/local/lib/ruby/1.8/webrick/server.rb:23:in `start'
  /usr/local/lib/ruby/1.8/webrick/server.rb:82:in `start'

Rendered rescues/_trace (33.4ms)
Rendered rescues/_request_and_response (1.4ms)
Rendering rescues/layout (internal_server_error)
  [4;36;1mSQL (0.3ms)[0m   [0;1mSET NAMES 'utf8'[0m
  [4;35;1mSQL (0.1ms)[0m   [0mSET SQL_AUTO_IS_NULL=0[0m


Processing GoalsController#index (for ::1 at 2009-10-14 16:59:05) [GET]
Redirected to http://localhost:3000/session/new
Filter chain halted as [:login_required] rendered_or_redirected.
Completed in 1ms (DB: 0) | 302 Found [http://localhost/goals]
  [4;36;1mSQL (0.1ms)[0m   [0;1mSET NAMES 'utf8'[0m
  [4;35;1mSQL (0.1ms)[0m   [0mSET SQL_AUTO_IS_NULL=0[0m


Processing SessionsController#new (for ::1 at 2009-10-14 16:59:05) [GET]
Rendering sessions/new
Completed in 8ms (View: 6, DB: 0) | 200 OK [http://localhost/session/new]
  [4;36;1mSQL (0.1ms)[0m   [0;1mSET NAMES 'utf8'[0m
  [4;35;1mSQL (0.1ms)[0m   [0mSET SQL_AUTO_IS_NULL=0[0m


Processing SessionsController#create (for ::1 at 2009-10-14 16:59:10) [POST]
  Parameters: {"commit"=>"Log in", "authenticity_token"=>"lSDXG50KfOHoIOSBpEVNPso/n9l2zbadpIDV8ZvBFQY=", "login"=>"sthorpe", "password"=>"testing"}
  [4;36;1mUser Load (0.5ms)[0m   [0;1mSELECT * FROM `users` WHERE (`users`.`login` = 'sthorpe') AND (users.state = 'active') LIMIT 1[0m
Failed login for 'sthorpe' from ::1 at Wed Oct 14 23:59:10 UTC 2009
Rendering sessions/new
Completed in 24ms (View: 1, DB: 1) | 200 OK [http://localhost/session]
  [4;35;1mSQL (0.2ms)[0m   [0mSET NAMES 'utf8'[0m
  [4;36;1mSQL (0.1ms)[0m   [0;1mSET SQL_AUTO_IS_NULL=0[0m


Processing SessionsController#create (for ::1 at 2009-10-14 16:59:20) [POST]
  Parameters: {"commit"=>"Log in", "authenticity_token"=>"lSDXG50KfOHoIOSBpEVNPso/n9l2zbadpIDV8ZvBFQY=", "login"=>"Scott", "password"=>"testing"}
  [4;35;1mUser Load (0.4ms)[0m   [0mSELECT * FROM `users` WHERE (`users`.`login` = 'scott') AND (users.state = 'active') LIMIT 1[0m
Failed login for 'Scott' from ::1 at Wed Oct 14 23:59:20 UTC 2009
Rendering sessions/new
Completed in 13ms (View: 1, DB: 1) | 200 OK [http://localhost/session]
  [4;36;1mSQL (0.1ms)[0m   [0;1mSET NAMES 'utf8'[0m
  [4;35;1mSQL (0.1ms)[0m   [0mSET SQL_AUTO_IS_NULL=0[0m


Processing UsersController#new (for ::1 at 2009-10-14 16:59:52) [GET]
  [4;36;1mUser Columns (1.8ms)[0m   [0;1mSHOW FIELDS FROM `users`[0m
Rendering users/new
Completed in 22ms (View: 10, DB: 2) | 200 OK [http://localhost/signup]
  [4;35;1mSQL (0.2ms)[0m   [0mSET NAMES 'utf8'[0m
  [4;36;1mSQL (0.1ms)[0m   [0;1mSET SQL_AUTO_IS_NULL=0[0m


Processing UsersController#create (for ::1 at 2009-10-14 16:59:59) [POST]
  Parameters: {"commit"=>"Sign up", "authenticity_token"=>"lSDXG50KfOHoIOSBpEVNPso/n9l2zbadpIDV8ZvBFQY=", "user"=>{"password_confirmation"=>"testing", "password"=>"testing", "login"=>"sthorpe", "email"=>"sthorpe@gmail.com"}}
  [4;35;1mUser Columns (1.9ms)[0m   [0mSHOW FIELDS FROM `users`[0m
  [4;36;1mUser Load (0.3ms)[0m   [0;1mSELECT `users`.id FROM `users` WHERE (`users`.`login` = BINARY 'sthorpe') LIMIT 1[0m
  [4;35;1mUser Load (0.2ms)[0m   [0mSELECT `users`.id FROM `users` WHERE (`users`.`email` = BINARY 'sthorpe@gmail.com') LIMIT 1[0m
  [4;36;1mCACHE (0.0ms)[0m   [0;1mSELECT `users`.id FROM `users` WHERE (`users`.`login` = BINARY 'sthorpe') LIMIT 1[0m
  [4;35;1mCACHE (0.0ms)[0m   [0mSELECT `users`.id FROM `users` WHERE (`users`.`email` = BINARY 'sthorpe@gmail.com') LIMIT 1[0m
Rendering users/new
Completed in 25ms (View: 2, DB: 3) | 200 OK [http://localhost/users]
  [4;36;1mSQL (0.1ms)[0m   [0;1mSET NAMES 'utf8'[0m
  [4;35;1mSQL (0.1ms)[0m   [0mSET SQL_AUTO_IS_NULL=0[0m


Processing SessionsController#new (for ::1 at 2009-10-14 17:00:06) [GET]
Rendering sessions/new
Completed in 3ms (View: 1, DB: 0) | 200 OK [http://localhost/login]
  [4;36;1mSQL (0.1ms)[0m   [0;1mSET NAMES 'utf8'[0m
  [4;35;1mSQL (0.1ms)[0m   [0mSET SQL_AUTO_IS_NULL=0[0m


Processing SessionsController#create (for ::1 at 2009-10-14 17:00:09) [POST]
  Parameters: {"commit"=>"Log in", "authenticity_token"=>"lSDXG50KfOHoIOSBpEVNPso/n9l2zbadpIDV8ZvBFQY=", "login"=>"sthorpe", "password"=>"testing"}
  [4;36;1mUser Load (0.4ms)[0m   [0;1mSELECT * FROM `users` WHERE (`users`.`login` = 'sthorpe') AND (users.state = 'active') LIMIT 1[0m
Failed login for 'sthorpe' from ::1 at Thu Oct 15 00:00:09 UTC 2009
Rendering sessions/new
Completed in 12ms (View: 1, DB: 1) | 200 OK [http://localhost/session]
  [4;35;1mSQL (0.1ms)[0m   [0mSET NAMES 'utf8'[0m
  [4;36;1mSQL (0.1ms)[0m   [0;1mSET SQL_AUTO_IS_NULL=0[0m


Processing GoalsController#index (for ::1 at 2009-10-14 17:00:20) [GET]
Redirected to http://localhost:3000/session/new
Filter chain halted as [:login_required] rendered_or_redirected.
Completed in 1ms (DB: 0) | 302 Found [http://localhost/goals]
  [4;35;1mSQL (0.1ms)[0m   [0mSET NAMES 'utf8'[0m
  [4;36;1mSQL (0.1ms)[0m   [0;1mSET SQL_AUTO_IS_NULL=0[0m


Processing SessionsController#new (for ::1 at 2009-10-14 17:00:20) [GET]
Rendering sessions/new
Completed in 3ms (View: 1, DB: 0) | 200 OK [http://localhost/session/new]
